<?xml version="1.0" encoding="UTF-8"?>
<testsuite name="com.logintest.login_signup_test.LoginSignupTestApplicationTests" tests="1" skipped="0" failures="0" errors="0" timestamp="2024-05-23T16:36:44" hostname="namjonghyeog-ui-MacBookPro.local" time="0.389">
  <properties/>
  <testcase name="contextLoads()" classname="com.logintest.login_signup_test.LoginSignupTestApplicationTests" time="0.389"/>
  <system-out><![CDATA[01:36:41.808 [Test worker] INFO org.springframework.test.context.support.AnnotationConfigContextLoaderUtils -- Could not detect default configuration classes for test class [com.logintest.login_signup_test.LoginSignupTestApplicationTests]: LoginSignupTestApplicationTests does not declare any static, non-private, non-final, nested classes annotated with @Configuration.
01:36:41.885 [Test worker] INFO org.springframework.boot.test.context.SpringBootTestContextBootstrapper -- Found @SpringBootConfiguration com.logintest.login_signup_test.LoginSignupTestApplication for test class com.logintest.login_signup_test.LoginSignupTestApplicationTests

  .   ____          _            __ _ _
 /\\ / ___'_ __ _ _(_)_ __  __ _ \ \ \ \
( ( )\___ | '_ | '_| | '_ \/ _` | \ \ \ \
 \\/  ___)| |_)| | | | | || (_| |  ) ) ) )
  '  |____| .__|_| |_|_| |_\__, | / / / /
 =========|_|==============|___/=/_/_/_/
 :: Spring Boot ::                (v3.2.4)

2024-05-24T01:36:42.132+09:00  INFO 51144 --- [login_signup_test] [    Test worker] c.l.l.LoginSignupTestApplicationTests    : Starting LoginSignupTestApplicationTests using Java 17.0.10 with PID 51144 (started by namjjong99 in /Users/namjjong99/Downloads/login_signup_test)
2024-05-24T01:36:42.133+09:00  INFO 51144 --- [login_signup_test] [    Test worker] c.l.l.LoginSignupTestApplicationTests    : No active profile set, falling back to 1 default profile: "default"
2024-05-24T01:36:42.473+09:00  INFO 51144 --- [login_signup_test] [    Test worker] .s.d.r.c.RepositoryConfigurationDelegate : Bootstrapping Spring Data JPA repositories in DEFAULT mode.
2024-05-24T01:36:42.499+09:00  INFO 51144 --- [login_signup_test] [    Test worker] .s.d.r.c.RepositoryConfigurationDelegate : Finished Spring Data repository scanning in 21 ms. Found 1 JPA repository interface.
2024-05-24T01:36:42.744+09:00  INFO 51144 --- [login_signup_test] [    Test worker] o.hibernate.jpa.internal.util.LogHelper  : HHH000204: Processing PersistenceUnitInfo [name: default]
2024-05-24T01:36:42.778+09:00  INFO 51144 --- [login_signup_test] [    Test worker] org.hibernate.Version                    : HHH000412: Hibernate ORM core version 6.4.4.Final
2024-05-24T01:36:42.798+09:00  INFO 51144 --- [login_signup_test] [    Test worker] o.h.c.internal.RegionFactoryInitiator    : HHH000026: Second-level cache disabled
2024-05-24T01:36:42.945+09:00  INFO 51144 --- [login_signup_test] [    Test worker] o.s.o.j.p.SpringPersistenceUnitInfo      : No LoadTimeWeaver setup: ignoring JPA class transformer
2024-05-24T01:36:42.961+09:00  INFO 51144 --- [login_signup_test] [    Test worker] com.zaxxer.hikari.HikariDataSource       : HikariPool-1 - Starting...
2024-05-24T01:36:43.369+09:00  INFO 51144 --- [login_signup_test] [    Test worker] com.zaxxer.hikari.pool.HikariPool        : HikariPool-1 - Added connection com.mysql.cj.jdbc.ConnectionImpl@504b8705
2024-05-24T01:36:43.370+09:00  INFO 51144 --- [login_signup_test] [    Test worker] com.zaxxer.hikari.HikariDataSource       : HikariPool-1 - Start completed.
2024-05-24T01:36:43.962+09:00  INFO 51144 --- [login_signup_test] [    Test worker] o.h.e.t.j.p.i.JtaPlatformInitiator       : HHH000489: No JTA platform available (set 'hibernate.transaction.jta.platform' to enable JTA platform integration)
2024-05-24T01:36:44.062+09:00  INFO 51144 --- [login_signup_test] [    Test worker] j.LocalContainerEntityManagerFactoryBean : Initialized JPA EntityManagerFactory for persistence unit 'default'
2024-05-24T01:36:44.339+09:00  WARN 51144 --- [login_signup_test] [    Test worker] JpaBaseConfiguration$JpaWebConfiguration : spring.jpa.open-in-view is enabled by default. Therefore, database queries may be performed during view rendering. Explicitly configure spring.jpa.open-in-view to disable this warning
2024-05-24T01:36:44.352+09:00  INFO 51144 --- [login_signup_test] [    Test worker] o.s.b.a.w.s.WelcomePageHandlerMapping    : Adding welcome page template: index
2024-05-24T01:36:44.580+09:00  INFO 51144 --- [login_signup_test] [    Test worker] c.l.l.LoginSignupTestApplicationTests    : Started LoginSignupTestApplicationTests in 2.596 seconds (process running for 3.306)
]]></system-out>
  <system-err><![CDATA[]]></system-err>
</testsuite>
